<?xml version="1.0" encoding="utf-8"?>
<TestRun id="2e7e24eb-5c24-4668-88ff-0f919fd93ad2" name="@staging-tests-vr4mc 2020-10-09 12:16:32" xmlns="http://microsoft.com/schemas/VisualStudio/TeamTest/2010">
  <Times creation="2020-10-09T12:16:32.9539305+00:00" queuing="2020-10-09T12:16:32.9539306+00:00" start="2020-10-09T12:16:32.2264855+00:00" finish="2020-10-09T12:16:32.9675358+00:00" />
  <TestSettings name="default" id="3a3b0c56-0f27-46ab-bc0e-aebca223aed0">
    <Deployment runDeploymentRoot="_staging-tests-vr4mc_2020-10-09_12_16_32" />
  </TestSettings>
  <Results>
    <UnitTestResult executionId="d8172b3b-1550-488b-9a12-704708d8cc4c" testId="75210671-90ae-b0ae-e75d-2d4040445397" testName="TestMethod3" computerName="staging-tests-vr4mc" duration="00:00:00.0000311" startTime="2020-10-09T12:16:32.8053528+00:00" endTime="2020-10-09T12:16:32.8054535+00:00" testType="13cdc9d9-ddb5-4fa4-a97d-d965ccfc6d4b" outcome="Passed" testListId="8c84fa94-04c1-424b-9868-57a2d4851a1d" relativeResultsDirectory="d8172b3b-1550-488b-9a12-704708d8cc4c" />
    <UnitTestResult executionId="311ef751-a4cd-4b8f-b035-a80a60a0d356" testId="4bf72103-4551-c34e-0c54-c20c09328bff" testName="TestMethod4" computerName="staging-tests-vr4mc" duration="00:00:00.0136651" startTime="2020-10-09T12:16:32.8054653+00:00" endTime="2020-10-09T12:16:32.8194691+00:00" testType="13cdc9d9-ddb5-4fa4-a97d-d965ccfc6d4b" outcome="Failed" testListId="8c84fa94-04c1-424b-9868-57a2d4851a1d" relativeResultsDirectory="311ef751-a4cd-4b8f-b035-a80a60a0d356">
      <Output>
        <ErrorInfo>
          <Message>Assert.False() Failure
Expected: False
Actual:   True</Message>
          <StackTrace>   at dummy_tests.DummyTest1.TestMethod4() in /root/UnitTest1.cs:line 30
</StackTrace>
        </ErrorInfo>
      </Output>
    </UnitTestResult>
    <UnitTestResult executionId="da5d8abe-c5ec-47aa-abea-a5e8799149d0" testId="2661751b-3bbc-4835-85e2-4c7e37b46081" testName="TestMethod2" computerName="staging-tests-vr4mc" duration="00:00:00.0000454" startTime="2020-10-09T12:16:32.8051509+00:00" endTime="2020-10-09T12:16:32.8053236+00:00" testType="13cdc9d9-ddb5-4fa4-a97d-d965ccfc6d4b" outcome="Passed" testListId="8c84fa94-04c1-424b-9868-57a2d4851a1d" relativeResultsDirectory="da5d8abe-c5ec-47aa-abea-a5e8799149d0" />
    <UnitTestResult executionId="b12e5ed8-c0b7-47e7-b76b-4b3c9d262807" testId="53a8c29f-d792-c64e-2275-b7d8e947a475" testName="TestMethod1" computerName="staging-tests-vr4mc" duration="00:00:00.0030063" startTime="2020-10-09T12:16:32.7704613+00:00" endTime="2020-10-09T12:16:32.7986250+00:00" testType="13cdc9d9-ddb5-4fa4-a97d-d965ccfc6d4b" outcome="Passed" testListId="8c84fa94-04c1-424b-9868-57a2d4851a1d" relativeResultsDirectory="b12e5ed8-c0b7-47e7-b76b-4b3c9d262807" />
  </Results>
  <TestDefinitions>
    <UnitTest name="TestMethod1" storage="/root/bin/release/netcoreapp3.1/dummy-tests.dll" id="53a8c29f-d792-c64e-2275-b7d8e947a475">
      <Execution id="b12e5ed8-c0b7-47e7-b76b-4b3c9d262807" />
      <TestMethod codeBase="/root/bin/Release/netcoreapp3.1/dummy-tests.dll" adapterTypeName="executor://mstestadapter/v2" className="dummy_tests.DummyTest1" name="TestMethod1" />
    </UnitTest>
    <UnitTest name="TestMethod4" storage="/root/bin/release/netcoreapp3.1/dummy-tests.dll" id="4bf72103-4551-c34e-0c54-c20c09328bff">
      <Execution id="311ef751-a4cd-4b8f-b035-a80a60a0d356" />
      <TestMethod codeBase="/root/bin/Release/netcoreapp3.1/dummy-tests.dll" adapterTypeName="executor://mstestadapter/v2" className="dummy_tests.DummyTest1" name="TestMethod4" />
    </UnitTest>
    <UnitTest name="TestMethod2" storage="/root/bin/release/netcoreapp3.1/dummy-tests.dll" id="2661751b-3bbc-4835-85e2-4c7e37b46081">
      <Execution id="da5d8abe-c5ec-47aa-abea-a5e8799149d0" />
      <TestMethod codeBase="/root/bin/Release/netcoreapp3.1/dummy-tests.dll" adapterTypeName="executor://mstestadapter/v2" className="dummy_tests.DummyTest1" name="TestMethod2" />
    </UnitTest>
    <UnitTest name="TestMethod3" storage="/root/bin/release/netcoreapp3.1/dummy-tests.dll" id="75210671-90ae-b0ae-e75d-2d4040445397">
      <Execution id="d8172b3b-1550-488b-9a12-704708d8cc4c" />
      <TestMethod codeBase="/root/bin/Release/netcoreapp3.1/dummy-tests.dll" adapterTypeName="executor://mstestadapter/v2" className="dummy_tests.DummyTest1" name="TestMethod3" />
    </UnitTest>
  </TestDefinitions>
  <TestEntries>
    <TestEntry testId="75210671-90ae-b0ae-e75d-2d4040445397" executionId="d8172b3b-1550-488b-9a12-704708d8cc4c" testListId="8c84fa94-04c1-424b-9868-57a2d4851a1d" />
    <TestEntry testId="4bf72103-4551-c34e-0c54-c20c09328bff" executionId="311ef751-a4cd-4b8f-b035-a80a60a0d356" testListId="8c84fa94-04c1-424b-9868-57a2d4851a1d" />
    <TestEntry testId="2661751b-3bbc-4835-85e2-4c7e37b46081" executionId="da5d8abe-c5ec-47aa-abea-a5e8799149d0" testListId="8c84fa94-04c1-424b-9868-57a2d4851a1d" />
    <TestEntry testId="53a8c29f-d792-c64e-2275-b7d8e947a475" executionId="b12e5ed8-c0b7-47e7-b76b-4b3c9d262807" testListId="8c84fa94-04c1-424b-9868-57a2d4851a1d" />
  </TestEntries>
  <TestLists>
    <TestList name="Results Not in a List" id="8c84fa94-04c1-424b-9868-57a2d4851a1d" />
    <TestList name="All Loaded Results" id="19431567-8539-422a-85d7-44ee4e166bda" />
  </TestLists>
  <ResultSummary outcome="Failed">
    <Counters total="4" executed="4" passed="3" failed="1" error="0" timeout="0" aborted="0" inconclusive="0" passedButRunAborted="0" notRunnable="0" notExecuted="0" disconnected="0" warning="0" completed="0" inProgress="0" pending="0" />
  </ResultSummary>
</TestRun>